0 info it worked if it ends with ok
1 verbose cli [ 'node',
1 verbose cli   '/usr/local/bin/npm',
1 verbose cli   'install',
1 verbose cli   '--save',
1 verbose cli   'gulp',
1 verbose cli   'gulp-util',
1 verbose cli   'vinyl-resource-stream',
1 verbose cli   'browserify',
1 verbose cli   'watchify',
1 verbose cli   'reactify' ]
2 info using npm@1.4.28
3 info using node@v0.10.35
4 warn package.json mankind-instrumentality@1.0.0 No repository field.
5 warn package.json mankind-instrumentality@1.0.0 No README data
6 verbose readDependencies using package.json deps
7 verbose cache add [ 'gulp', null ]
8 verbose cache add name=undefined spec="gulp" args=["gulp",null]
9 verbose parsed url { protocol: null,
9 verbose parsed url   slashes: null,
9 verbose parsed url   auth: null,
9 verbose parsed url   host: null,
9 verbose parsed url   port: null,
9 verbose parsed url   hostname: null,
9 verbose parsed url   hash: null,
9 verbose parsed url   search: null,
9 verbose parsed url   query: null,
9 verbose parsed url   pathname: 'gulp',
9 verbose parsed url   path: 'gulp',
9 verbose parsed url   href: 'gulp' }
10 verbose cache add [ 'gulp-util', null ]
11 verbose cache add name=undefined spec="gulp-util" args=["gulp-util",null]
12 verbose parsed url { protocol: null,
12 verbose parsed url   slashes: null,
12 verbose parsed url   auth: null,
12 verbose parsed url   host: null,
12 verbose parsed url   port: null,
12 verbose parsed url   hostname: null,
12 verbose parsed url   hash: null,
12 verbose parsed url   search: null,
12 verbose parsed url   query: null,
12 verbose parsed url   pathname: 'gulp-util',
12 verbose parsed url   path: 'gulp-util',
12 verbose parsed url   href: 'gulp-util' }
13 verbose cache add [ 'vinyl-resource-stream', null ]
14 verbose cache add name=undefined spec="vinyl-resource-stream" args=["vinyl-resource-stream",null]
15 verbose parsed url { protocol: null,
15 verbose parsed url   slashes: null,
15 verbose parsed url   auth: null,
15 verbose parsed url   host: null,
15 verbose parsed url   port: null,
15 verbose parsed url   hostname: null,
15 verbose parsed url   hash: null,
15 verbose parsed url   search: null,
15 verbose parsed url   query: null,
15 verbose parsed url   pathname: 'vinyl-resource-stream',
15 verbose parsed url   path: 'vinyl-resource-stream',
15 verbose parsed url   href: 'vinyl-resource-stream' }
16 verbose cache add [ 'browserify', null ]
17 verbose cache add name=undefined spec="browserify" args=["browserify",null]
18 verbose parsed url { protocol: null,
18 verbose parsed url   slashes: null,
18 verbose parsed url   auth: null,
18 verbose parsed url   host: null,
18 verbose parsed url   port: null,
18 verbose parsed url   hostname: null,
18 verbose parsed url   hash: null,
18 verbose parsed url   search: null,
18 verbose parsed url   query: null,
18 verbose parsed url   pathname: 'browserify',
18 verbose parsed url   path: 'browserify',
18 verbose parsed url   href: 'browserify' }
19 verbose cache add [ 'watchify', null ]
20 verbose cache add name=undefined spec="watchify" args=["watchify",null]
21 verbose parsed url { protocol: null,
21 verbose parsed url   slashes: null,
21 verbose parsed url   auth: null,
21 verbose parsed url   host: null,
21 verbose parsed url   port: null,
21 verbose parsed url   hostname: null,
21 verbose parsed url   hash: null,
21 verbose parsed url   search: null,
21 verbose parsed url   query: null,
21 verbose parsed url   pathname: 'watchify',
21 verbose parsed url   path: 'watchify',
21 verbose parsed url   href: 'watchify' }
22 verbose cache add [ 'reactify', null ]
23 verbose cache add name=undefined spec="reactify" args=["reactify",null]
24 verbose parsed url { protocol: null,
24 verbose parsed url   slashes: null,
24 verbose parsed url   auth: null,
24 verbose parsed url   host: null,
24 verbose parsed url   port: null,
24 verbose parsed url   hostname: null,
24 verbose parsed url   hash: null,
24 verbose parsed url   search: null,
24 verbose parsed url   query: null,
24 verbose parsed url   pathname: 'reactify',
24 verbose parsed url   path: 'reactify',
24 verbose parsed url   href: 'reactify' }
25 silly lockFile 9750c68d-gulp gulp
26 verbose lock gulp /Users/noah/.npm/9750c68d-gulp.lock
27 silly lockFile 77fa12e5-gulp-util gulp-util
28 verbose lock gulp-util /Users/noah/.npm/77fa12e5-gulp-util.lock
29 silly lockFile ea0d04f9-vinyl-resource-stream vinyl-resource-stream
30 verbose lock vinyl-resource-stream /Users/noah/.npm/ea0d04f9-vinyl-resource-stream.lock
31 silly lockFile 84c1c54e-browserify browserify
32 verbose lock browserify /Users/noah/.npm/84c1c54e-browserify.lock
33 silly lockFile f821d843-watchify watchify
34 verbose lock watchify /Users/noah/.npm/f821d843-watchify.lock
35 silly lockFile 97e36b74-reactify reactify
36 verbose lock reactify /Users/noah/.npm/97e36b74-reactify.lock
37 silly lockFile 77fa12e5-gulp-util gulp-util
38 silly lockFile 77fa12e5-gulp-util gulp-util
39 silly lockFile 9750c68d-gulp gulp
40 silly lockFile 9750c68d-gulp gulp
41 silly lockFile 84c1c54e-browserify browserify
42 silly lockFile 84c1c54e-browserify browserify
43 verbose addNamed [ 'gulp-util', '' ]
44 verbose addNamed [ null, '*' ]
45 silly lockFile ecd61fb3-gulp-util gulp-util@
46 verbose lock gulp-util@ /Users/noah/.npm/ecd61fb3-gulp-util.lock
47 verbose addNamed [ 'gulp', '' ]
48 verbose addNamed [ null, '*' ]
49 silly lockFile 72f4391e-gulp gulp@
50 verbose lock gulp@ /Users/noah/.npm/72f4391e-gulp.lock
51 verbose addNamed [ 'browserify', '' ]
52 verbose addNamed [ null, '*' ]
53 silly lockFile 80140245-browserify browserify@
54 verbose lock browserify@ /Users/noah/.npm/80140245-browserify.lock
55 silly lockFile ea0d04f9-vinyl-resource-stream vinyl-resource-stream
56 silly lockFile ea0d04f9-vinyl-resource-stream vinyl-resource-stream
57 silly lockFile 97e36b74-reactify reactify
58 silly lockFile 97e36b74-reactify reactify
59 silly lockFile f821d843-watchify watchify
60 silly lockFile f821d843-watchify watchify
61 verbose addNamed [ 'vinyl-resource-stream', '' ]
62 verbose addNamed [ null, '*' ]
63 silly lockFile 1471d2c3-vinyl-resource-stream vinyl-resource-stream@
64 verbose lock vinyl-resource-stream@ /Users/noah/.npm/1471d2c3-vinyl-resource-stream.lock
65 verbose addNamed [ 'watchify', '' ]
66 verbose addNamed [ null, '*' ]
67 silly lockFile 19227da7-watchify watchify@
68 verbose lock watchify@ /Users/noah/.npm/19227da7-watchify.lock
69 verbose addNamed [ 'reactify', '' ]
70 verbose addNamed [ null, '*' ]
71 silly lockFile 60172e78-reactify reactify@
72 verbose lock reactify@ /Users/noah/.npm/60172e78-reactify.lock
73 silly addNameRange { name: 'gulp-util', range: '*', hasData: false }
74 silly addNameRange { name: 'browserify', range: '*', hasData: false }
75 silly addNameRange { name: 'gulp', range: '*', hasData: false }
76 silly addNameRange { name: 'watchify', range: '*', hasData: false }
77 silly addNameRange { name: 'vinyl-resource-stream', range: '*', hasData: false }
78 silly addNameRange { name: 'reactify', range: '*', hasData: false }
79 verbose request where is /vinyl-resource-stream
80 verbose request registry https://registry.npmjs.org/
81 verbose request id 86f24ef17857cce7
82 verbose url raw /vinyl-resource-stream
83 verbose url resolving [ 'https://registry.npmjs.org/', './vinyl-resource-stream' ]
84 verbose url resolved https://registry.npmjs.org/vinyl-resource-stream
85 verbose request where is https://registry.npmjs.org/vinyl-resource-stream
86 info trying registry request attempt 1 at 02:49:41
87 http GET https://registry.npmjs.org/vinyl-resource-stream
88 verbose request where is /gulp-util
89 verbose request registry https://registry.npmjs.org/
90 verbose url raw /gulp-util
91 verbose url resolving [ 'https://registry.npmjs.org/', './gulp-util' ]
92 verbose url resolved https://registry.npmjs.org/gulp-util
93 verbose request where is https://registry.npmjs.org/gulp-util
94 info trying registry request attempt 1 at 02:49:41
95 verbose etag "9NKZ16R2TMZFUH42GHZ3WW4QK"
96 http GET https://registry.npmjs.org/gulp-util
97 verbose request where is /gulp
98 verbose request registry https://registry.npmjs.org/
99 verbose url raw /gulp
100 verbose url resolving [ 'https://registry.npmjs.org/', './gulp' ]
101 verbose url resolved https://registry.npmjs.org/gulp
102 verbose request where is https://registry.npmjs.org/gulp
103 info trying registry request attempt 1 at 02:49:41
104 verbose etag "53DUJP2F7FK7FDHA496C3U8DO"
105 http GET https://registry.npmjs.org/gulp
106 verbose request where is /reactify
107 verbose request registry https://registry.npmjs.org/
108 verbose url raw /reactify
109 verbose url resolving [ 'https://registry.npmjs.org/', './reactify' ]
110 verbose url resolved https://registry.npmjs.org/reactify
111 verbose request where is https://registry.npmjs.org/reactify
112 info trying registry request attempt 1 at 02:49:41
113 verbose etag "6NGH0E2C1F88SXM4O05BLLT4L"
114 http GET https://registry.npmjs.org/reactify
115 verbose request where is /watchify
116 verbose request registry https://registry.npmjs.org/
117 verbose url raw /watchify
118 verbose url resolving [ 'https://registry.npmjs.org/', './watchify' ]
119 verbose url resolved https://registry.npmjs.org/watchify
120 verbose request where is https://registry.npmjs.org/watchify
121 info trying registry request attempt 1 at 02:49:41
122 verbose etag "D5TAM58WQ5KLOSH5X0CV06U7"
123 http GET https://registry.npmjs.org/watchify
124 verbose request where is /browserify
125 verbose request registry https://registry.npmjs.org/
126 verbose url raw /browserify
127 verbose url resolving [ 'https://registry.npmjs.org/', './browserify' ]
128 verbose url resolved https://registry.npmjs.org/browserify
129 verbose request where is https://registry.npmjs.org/browserify
130 info trying registry request attempt 1 at 02:49:41
131 verbose etag "EFZ3M7ZUPW1WADTZ8FP1EMUEN"
132 http GET https://registry.npmjs.org/browserify
133 http 304 https://registry.npmjs.org/reactify
134 silly registry.get cb [ 304,
134 silly registry.get   { date: 'Thu, 04 Jun 2015 09:49:41 GMT',
134 silly registry.get     via: '1.1 varnish',
134 silly registry.get     'cache-control': 'max-age=60',
134 silly registry.get     etag: '"6NGH0E2C1F88SXM4O05BLLT4L"',
134 silly registry.get     age: '31',
134 silly registry.get     connection: 'keep-alive',
134 silly registry.get     'x-served-by': 'cache-lax1432-LAX',
134 silly registry.get     'x-cache': 'HIT',
134 silly registry.get     'x-cache-hits': '1',
134 silly registry.get     'x-timer': 'S1433411381.986634,VS0,VE0',
134 silly registry.get     vary: 'Accept' } ]
135 verbose etag https://registry.npmjs.org/reactify from cache
136 http 304 https://registry.npmjs.org/gulp-util
137 silly registry.get cb [ 304,
137 silly registry.get   { date: 'Thu, 04 Jun 2015 09:49:41 GMT',
137 silly registry.get     via: '1.1 varnish',
137 silly registry.get     'cache-control': 'max-age=60',
137 silly registry.get     etag: '"9NKZ16R2TMZFUH42GHZ3WW4QK"',
137 silly registry.get     age: '53',
137 silly registry.get     connection: 'keep-alive',
137 silly registry.get     'x-served-by': 'cache-lax1432-LAX',
137 silly registry.get     'x-cache': 'HIT',
137 silly registry.get     'x-cache-hits': '1',
137 silly registry.get     'x-timer': 'S1433411381.991287,VS0,VE0',
137 silly registry.get     vary: 'Accept' } ]
138 verbose etag https://registry.npmjs.org/gulp-util from cache
139 silly addNameRange number 2 { name: 'reactify', range: '*', hasData: true }
140 silly addNameRange versions [ 'reactify',
140 silly addNameRange   [ '0.1.0',
140 silly addNameRange     '0.1.1',
140 silly addNameRange     '0.1.2',
140 silly addNameRange     '0.1.3',
140 silly addNameRange     '0.1.4',
140 silly addNameRange     '0.2.0',
140 silly addNameRange     '0.2.1',
140 silly addNameRange     '0.2.2',
140 silly addNameRange     '0.3.0',
140 silly addNameRange     '0.3.1',
140 silly addNameRange     '0.3.2',
140 silly addNameRange     '0.4.0',
140 silly addNameRange     '0.5.0',
140 silly addNameRange     '0.5.1',
140 silly addNameRange     '0.6.0',
140 silly addNameRange     '0.6.1',
140 silly addNameRange     '0.7.0',
140 silly addNameRange     '0.8.0',
140 silly addNameRange     '0.8.1',
140 silly addNameRange     '0.9.0',
140 silly addNameRange     '0.9.1',
140 silly addNameRange     '0.10.0',
140 silly addNameRange     '0.11.0',
140 silly addNameRange     '0.12.0',
140 silly addNameRange     '0.13.0',
140 silly addNameRange     '0.13.1',
140 silly addNameRange     '0.14.0',
140 silly addNameRange     '0.15.0',
140 silly addNameRange     '0.15.1',
140 silly addNameRange     '0.14.1',
140 silly addNameRange     '0.8.2',
140 silly addNameRange     '0.9.2',
140 silly addNameRange     '0.10.1',
140 silly addNameRange     '0.11.1',
140 silly addNameRange     '0.13.2',
140 silly addNameRange     '0.12.1',
140 silly addNameRange     '0.15.2',
140 silly addNameRange     '0.16.0',
140 silly addNameRange     '0.17.0',
140 silly addNameRange     '0.17.1',
140 silly addNameRange     '1.0.0',
140 silly addNameRange     '1.1.0',
140 silly addNameRange     '1.1.1' ] ]
141 verbose addNamed [ 'reactify', '1.1.1' ]
142 verbose addNamed [ '1.1.1', '1.1.1' ]
143 silly lockFile c99dcda3-reactify-1-1-1 reactify@1.1.1
144 verbose lock reactify@1.1.1 /Users/noah/.npm/c99dcda3-reactify-1-1-1.lock
145 silly addNameRange number 2 { name: 'gulp-util', range: '*', hasData: true }
146 silly addNameRange versions [ 'gulp-util',
146 silly addNameRange   [ '0.0.1',
146 silly addNameRange     '1.0.0',
146 silly addNameRange     '1.1.0',
146 silly addNameRange     '1.1.1',
146 silly addNameRange     '1.2.0',
146 silly addNameRange     '1.3.0',
146 silly addNameRange     '2.0.0',
146 silly addNameRange     '2.1.1',
146 silly addNameRange     '2.1.2',
146 silly addNameRange     '2.1.3',
146 silly addNameRange     '2.1.4',
146 silly addNameRange     '2.2.0',
146 silly addNameRange     '2.2.1',
146 silly addNameRange     '2.2.2',
146 silly addNameRange     '2.2.3',
146 silly addNameRange     '2.2.5',
146 silly addNameRange     '2.2.6',
146 silly addNameRange     '2.2.7',
146 silly addNameRange     '2.2.8',
146 silly addNameRange     '2.2.9',
146 silly addNameRange     '2.2.10',
146 silly addNameRange     '2.2.11',
146 silly addNameRange     '2.2.12',
146 silly addNameRange     '2.2.13',
146 silly addNameRange     '2.2.14',
146 silly addNameRange     '2.2.15',
146 silly addNameRange     '2.2.16',
146 silly addNameRange     '2.2.17',
146 silly addNameRange     '2.2.18',
146 silly addNameRange     '2.2.19',
146 silly addNameRange     '2.2.20',
146 silly addNameRange     '3.0.0',
146 silly addNameRange     '3.0.1',
146 silly addNameRange     '3.0.2',
146 silly addNameRange     '3.0.3',
146 silly addNameRange     '3.0.4',
146 silly addNameRange     '3.0.5' ] ]
147 verbose addNamed [ 'gulp-util', '3.0.5' ]
148 verbose addNamed [ '3.0.5', '3.0.5' ]
149 silly lockFile 7e810962-gulp-util-3-0-5 gulp-util@3.0.5
150 verbose lock gulp-util@3.0.5 /Users/noah/.npm/7e810962-gulp-util-3-0-5.lock
151 silly lockFile c99dcda3-reactify-1-1-1 reactify@1.1.1
152 silly lockFile c99dcda3-reactify-1-1-1 reactify@1.1.1
153 silly lockFile 7e810962-gulp-util-3-0-5 gulp-util@3.0.5
154 silly lockFile 7e810962-gulp-util-3-0-5 gulp-util@3.0.5
155 silly lockFile 60172e78-reactify reactify@
156 silly lockFile 60172e78-reactify reactify@
157 silly lockFile ecd61fb3-gulp-util gulp-util@
158 silly lockFile ecd61fb3-gulp-util gulp-util@
159 http 404 https://registry.npmjs.org/vinyl-resource-stream
160 verbose headers { server: 'CouchDB/1.5.0 (Erlang OTP/R16B03)',
160 verbose headers   'content-type': 'application/json',
160 verbose headers   'cache-control': 'max-age=0',
160 verbose headers   'content-length': '51',
160 verbose headers   'accept-ranges': 'bytes',
160 verbose headers   date: 'Thu, 04 Jun 2015 09:49:42 GMT',
160 verbose headers   via: '1.1 varnish',
160 verbose headers   age: '0',
160 verbose headers   connection: 'keep-alive',
160 verbose headers   'x-served-by': 'cache-lax1422-LAX',
160 verbose headers   'x-cache': 'MISS',
160 verbose headers   'x-cache-hits': '0',
160 verbose headers   'x-timer': 'S1433411381.988333,VS0,VE87' }
161 silly registry.get cb [ 404,
161 silly registry.get   { server: 'CouchDB/1.5.0 (Erlang OTP/R16B03)',
161 silly registry.get     'content-type': 'application/json',
161 silly registry.get     'cache-control': 'max-age=0',
161 silly registry.get     'content-length': '51',
161 silly registry.get     'accept-ranges': 'bytes',
161 silly registry.get     date: 'Thu, 04 Jun 2015 09:49:42 GMT',
161 silly registry.get     via: '1.1 varnish',
161 silly registry.get     age: '0',
161 silly registry.get     connection: 'keep-alive',
161 silly registry.get     'x-served-by': 'cache-lax1422-LAX',
161 silly registry.get     'x-cache': 'MISS',
161 silly registry.get     'x-cache-hits': '0',
161 silly registry.get     'x-timer': 'S1433411381.988333,VS0,VE87' } ]
162 silly lockFile 1471d2c3-vinyl-resource-stream vinyl-resource-stream@
163 silly lockFile 1471d2c3-vinyl-resource-stream vinyl-resource-stream@
164 http 200 https://registry.npmjs.org/watchify
165 silly registry.get cb [ 200,
165 silly registry.get   { server: 'CouchDB/1.5.0 (Erlang OTP/R16B03)',
165 silly registry.get     etag: '"6HZ7S20M6GS1V6SRB2KASHLXL"',
165 silly registry.get     'content-type': 'application/json',
165 silly registry.get     'cache-control': 'max-age=60',
165 silly registry.get     'content-length': '69213',
165 silly registry.get     'accept-ranges': 'bytes',
165 silly registry.get     date: 'Thu, 04 Jun 2015 09:49:41 GMT',
165 silly registry.get     via: '1.1 varnish',
165 silly registry.get     age: '14',
165 silly registry.get     connection: 'keep-alive',
165 silly registry.get     'x-served-by': 'cache-lax1424-LAX',
165 silly registry.get     'x-cache': 'HIT',
165 silly registry.get     'x-cache-hits': '1',
165 silly registry.get     'x-timer': 'S1433411381.989095,VS0,VE0',
165 silly registry.get     vary: 'Accept' } ]
166 silly addNameRange number 2 { name: 'watchify', range: '*', hasData: true }
167 silly addNameRange versions [ 'watchify',
167 silly addNameRange   [ '0.0.0',
167 silly addNameRange     '0.0.1',
167 silly addNameRange     '0.1.0',
167 silly addNameRange     '0.2.0',
167 silly addNameRange     '0.3.0',
167 silly addNameRange     '0.4.0',
167 silly addNameRange     '0.4.1',
167 silly addNameRange     '0.5.0',
167 silly addNameRange     '0.5.1',
167 silly addNameRange     '0.5.2',
167 silly addNameRange     '0.5.3',
167 silly addNameRange     '0.5.4',
167 silly addNameRange     '0.5.5',
167 silly addNameRange     '0.5.6',
167 silly addNameRange     '0.6.0',
167 silly addNameRange     '0.6.1',
167 silly addNameRange     '0.6.2',
167 silly addNameRange     '0.6.3',
167 silly addNameRange     '0.6.4',
167 silly addNameRange     '0.7.0',
167 silly addNameRange     '0.7.1',
167 silly addNameRange     '0.7.2',
167 silly addNameRange     '0.8.0',
167 silly addNameRange     '0.8.1',
167 silly addNameRange     '0.8.2',
167 silly addNameRange     '0.8.3',
167 silly addNameRange     '0.9.0',
167 silly addNameRange     '0.10.0',
167 silly addNameRange     '0.10.1',
167 silly addNameRange     '0.10.2',
167 silly addNameRange     '1.0.0',
167 silly addNameRange     '1.0.1',
167 silly addNameRange     '1.0.2',
167 silly addNameRange     '1.0.3',
167 silly addNameRange     '1.0.4',
167 silly addNameRange     '1.0.5',
167 silly addNameRange     '1.0.6',
167 silly addNameRange     '2.0.0',
167 silly addNameRange     '2.1.0',
167 silly addNameRange     '2.1.1',
167 silly addNameRange     '2.2.0',
167 silly addNameRange     '2.2.1',
167 silly addNameRange     '2.3.0',
167 silly addNameRange     '2.4.0',
167 silly addNameRange     '2.5.0',
167 silly addNameRange     '2.6.0',
167 silly addNameRange     '2.6.1',
167 silly addNameRange     '2.6.2',
167 silly addNameRange     '3.0.0',
167 silly addNameRange     '3.0.1',
167 silly addNameRange     '3.1.0',
167 silly addNameRange     '3.1.1',
167 silly addNameRange     '3.1.2',
167 silly addNameRange     '3.2.0',
167 silly addNameRange     '3.2.1' ] ]
168 verbose addNamed [ 'watchify', '3.2.1' ]
169 verbose addNamed [ '3.2.1', '3.2.1' ]
170 silly lockFile bfc6789e-watchify-3-2-1 watchify@3.2.1
171 verbose lock watchify@3.2.1 /Users/noah/.npm/bfc6789e-watchify-3-2-1.lock
172 silly lockFile bfc6789e-watchify-3-2-1 watchify@3.2.1
173 silly lockFile bfc6789e-watchify-3-2-1 watchify@3.2.1
174 silly lockFile 19227da7-watchify watchify@
175 silly lockFile 19227da7-watchify watchify@
176 http 200 https://registry.npmjs.org/gulp
177 silly registry.get cb [ 200,
177 silly registry.get   { server: 'CouchDB/1.5.0 (Erlang OTP/R16B03)',
177 silly registry.get     etag: '"CM28VATVWKG8WGDULKT8XCHXT"',
177 silly registry.get     'content-type': 'application/json',
177 silly registry.get     'cache-control': 'max-age=60',
177 silly registry.get     'content-length': '104136',
177 silly registry.get     'accept-ranges': 'bytes',
177 silly registry.get     date: 'Thu, 04 Jun 2015 09:49:41 GMT',
177 silly registry.get     via: '1.1 varnish',
177 silly registry.get     age: '37',
177 silly registry.get     connection: 'keep-alive',
177 silly registry.get     'x-served-by': 'cache-lax1422-LAX',
177 silly registry.get     'x-cache': 'HIT',
177 silly registry.get     'x-cache-hits': '1',
177 silly registry.get     'x-timer': 'S1433411381.988064,VS0,VE0',
177 silly registry.get     vary: 'Accept' } ]
178 silly addNameRange number 2 { name: 'gulp', range: '*', hasData: true }
179 silly addNameRange versions [ 'gulp',
179 silly addNameRange   [ '0.0.1',
179 silly addNameRange     '0.0.2',
179 silly addNameRange     '0.0.3',
179 silly addNameRange     '0.0.4',
179 silly addNameRange     '0.0.5',
179 silly addNameRange     '0.0.7',
179 silly addNameRange     '0.0.8',
179 silly addNameRange     '0.0.9',
179 silly addNameRange     '0.1.0',
179 silly addNameRange     '0.2.0',
179 silly addNameRange     '1.0.0',
179 silly addNameRange     '1.1.0',
179 silly addNameRange     '1.2.0',
179 silly addNameRange     '1.2.1',
179 silly addNameRange     '2.0.0',
179 silly addNameRange     '2.0.1',
179 silly addNameRange     '2.1.0',
179 silly addNameRange     '2.2.0',
179 silly addNameRange     '2.3.0',
179 silly addNameRange     '2.4.0',
179 silly addNameRange     '2.4.1',
179 silly addNameRange     '2.6.0',
179 silly addNameRange     '2.6.1',
179 silly addNameRange     '2.7.0',
179 silly addNameRange     '3.0.0',
179 silly addNameRange     '3.1.1',
179 silly addNameRange     '3.1.2',
179 silly addNameRange     '3.1.3',
179 silly addNameRange     '3.1.4',
179 silly addNameRange     '3.2.0',
179 silly addNameRange     '3.2.1',
179 silly addNameRange     '3.2.2',
179 silly addNameRange     '3.2.3',
179 silly addNameRange     '3.2.4',
179 silly addNameRange     '3.2.5',
179 silly addNameRange     '3.3.0',
179 silly addNameRange     '3.3.1',
179 silly addNameRange     '3.3.2',
179 silly addNameRange     '3.3.4',
179 silly addNameRange     '3.4.0',
179 silly addNameRange     '3.5.0',
179 silly addNameRange     '3.5.1',
179 silly addNameRange     '3.5.2',
179 silly addNameRange     '3.5.5',
179 silly addNameRange     '3.5.6',
179 silly addNameRange     '3.6.0',
179 silly addNameRange     '3.6.1',
179 silly addNameRange     '3.6.2',
179 silly addNameRange     '3.7.0',
179 silly addNameRange     '3.8.0',
179 silly addNameRange     '3.8.1',
179 silly addNameRange     '3.8.2',
179 silly addNameRange     '3.8.3',
179 silly addNameRange     '3.8.4',
179 silly addNameRange     '3.8.5',
179 silly addNameRange     '3.8.6',
179 silly addNameRange     '3.8.7',
179 silly addNameRange     '3.8.8',
179 silly addNameRange     '3.8.9',
179 silly addNameRange     '3.8.10',
179 silly addNameRange     '3.8.11',
179 silly addNameRange     '3.9.0' ] ]
180 verbose addNamed [ 'gulp', '3.9.0' ]
181 verbose addNamed [ '3.9.0', '3.9.0' ]
182 silly lockFile c2697a61-gulp-3-9-0 gulp@3.9.0
183 verbose lock gulp@3.9.0 /Users/noah/.npm/c2697a61-gulp-3-9-0.lock
184 silly lockFile af4766b8-ry-npmjs-org-gulp-gulp-3-9-0-tgz https://registry.npmjs.org/gulp/-/gulp-3.9.0.tgz
185 verbose lock https://registry.npmjs.org/gulp/-/gulp-3.9.0.tgz /Users/noah/.npm/af4766b8-ry-npmjs-org-gulp-gulp-3-9-0-tgz.lock
186 verbose addRemoteTarball [ 'https://registry.npmjs.org/gulp/-/gulp-3.9.0.tgz',
186 verbose addRemoteTarball   'cf1fba4cb558bb8c6ae6c9613f583ae2620d214a' ]
187 info retry fetch attempt 1 at 02:49:42
188 verbose fetch to= /var/folders/4q/zf7qnrhs73s4hvq2n2kxw3cr0000gp/T/npm-57068-UkHQT2kM/registry.npmjs.org/gulp/-/gulp-3.9.0.tgz
189 http GET https://registry.npmjs.org/gulp/-/gulp-3.9.0.tgz
190 http 200 https://registry.npmjs.org/gulp/-/gulp-3.9.0.tgz
191 silly lockFile af4766b8-ry-npmjs-org-gulp-gulp-3-9-0-tgz https://registry.npmjs.org/gulp/-/gulp-3.9.0.tgz
192 silly lockFile af4766b8-ry-npmjs-org-gulp-gulp-3-9-0-tgz https://registry.npmjs.org/gulp/-/gulp-3.9.0.tgz
193 silly lockFile c2697a61-gulp-3-9-0 gulp@3.9.0
194 silly lockFile c2697a61-gulp-3-9-0 gulp@3.9.0
195 silly lockFile 72f4391e-gulp gulp@
196 silly lockFile 72f4391e-gulp gulp@
197 http 200 https://registry.npmjs.org/browserify
198 silly registry.get cb [ 200,
198 silly registry.get   { server: 'CouchDB/1.5.0 (Erlang OTP/R16B03)',
198 silly registry.get     etag: '"1AG2YDCOS0DPRYBME3HHKS1WK"',
198 silly registry.get     'content-type': 'application/json',
198 silly registry.get     'cache-control': 'max-age=60',
198 silly registry.get     'content-length': '821831',
198 silly registry.get     'accept-ranges': 'bytes',
198 silly registry.get     date: 'Thu, 04 Jun 2015 09:49:42 GMT',
198 silly registry.get     via: '1.1 varnish',
198 silly registry.get     age: '0',
198 silly registry.get     connection: 'keep-alive',
198 silly registry.get     'x-served-by': 'cache-lax1432-LAX',
198 silly registry.get     'x-cache': 'HIT',
198 silly registry.get     'x-cache-hits': '1',
198 silly registry.get     'x-timer': 'S1433411382.038653,VS0,VE86',
198 silly registry.get     vary: 'Accept' } ]
199 silly addNameRange number 2 { name: 'browserify', range: '*', hasData: true }
200 silly addNameRange versions [ 'browserify',
200 silly addNameRange   [ '0.0.1',
200 silly addNameRange     '0.0.2',
200 silly addNameRange     '0.0.3',
200 silly addNameRange     '0.0.4',
200 silly addNameRange     '0.0.5',
200 silly addNameRange     '0.1.0',
200 silly addNameRange     '0.1.1',
200 silly addNameRange     '0.1.2',
200 silly addNameRange     '0.1.3',
200 silly addNameRange     '0.1.4',
200 silly addNameRange     '0.1.5',
200 silly addNameRange     '0.2.0',
200 silly addNameRange     '0.2.1',
200 silly addNameRange     '0.2.2',
200 silly addNameRange     '0.2.3',
200 silly addNameRange     '0.2.4',
200 silly addNameRange     '0.2.5',
200 silly addNameRange     '0.2.6',
200 silly addNameRange     '0.2.7',
200 silly addNameRange     '0.2.8',
200 silly addNameRange     '0.2.9',
200 silly addNameRange     '0.2.10',
200 silly addNameRange     '0.2.11',
200 silly addNameRange     '0.3.0',
200 silly addNameRange     '0.3.1',
200 silly addNameRange     '0.3.2',
200 silly addNameRange     '0.3.3',
200 silly addNameRange     '0.3.4',
200 silly addNameRange     '0.3.5',
200 silly addNameRange     '0.3.6',
200 silly addNameRange     '0.3.7',
200 silly addNameRange     '0.4.0',
200 silly addNameRange     '0.4.1',
200 silly addNameRange     '0.4.2',
200 silly addNameRange     '0.4.3',
200 silly addNameRange     '0.4.4',
200 silly addNameRange     '0.4.5',
200 silly addNameRange     '0.4.6',
200 silly addNameRange     '0.4.7',
200 silly addNameRange     '0.4.8',
200 silly addNameRange     '0.4.9',
200 silly addNameRange     '0.4.10',
200 silly addNameRange     '0.4.11',
200 silly addNameRange     '0.4.12',
200 silly addNameRange     '0.4.13',
200 silly addNameRange     '0.4.14',
200 silly addNameRange     '0.4.15',
200 silly addNameRange     '0.5.0',
200 silly addNameRange     '0.5.1',
200 silly addNameRange     '0.5.2',
200 silly addNameRange     '1.0.0',
200 silly addNameRange     '1.1.0',
200 silly addNameRange     '1.1.1',
200 silly addNameRange     '1.1.2',
200 silly addNameRange     '1.1.3',
200 silly addNameRange     '1.1.4',
200 silly addNameRange     '1.2.0',
200 silly addNameRange     '1.2.1',
200 silly addNameRange     '1.2.2',
200 silly addNameRange     '1.2.3',
200 silly addNameRange     '1.2.4',
200 silly addNameRange     '1.2.5',
200 silly addNameRange     '1.2.6',
200 silly addNameRange     '1.2.7',
200 silly addNameRange     '1.2.8',
200 silly addNameRange     '1.2.9',
200 silly addNameRange     '1.3.0',
200 silly addNameRange     '1.4.0',
200 silly addNameRange     '1.4.1',
200 silly addNameRange     '1.4.2',
200 silly addNameRange     '1.4.3',
200 silly addNameRange     '1.4.4',
200 silly addNameRange     '1.4.5',
200 silly addNameRange     '1.4.6',
200 silly addNameRange     '1.4.7',
200 silly addNameRange     '1.4.8',
200 silly addNameRange     '1.5.0',
200 silly addNameRange     '1.6.0',
200 silly addNameRange     '1.6.1',
200 silly addNameRange     '1.7.0',
200 silly addNameRange     '1.7.1',
200 silly addNameRange     '1.7.2',
200 silly addNameRange     '1.7.3',
200 silly addNameRange     '1.7.4',
200 silly addNameRange     '1.7.5',
200 silly addNameRange     '1.7.6',
200 silly addNameRange     '1.7.7',
200 silly addNameRange     '1.8.0',
200 silly addNameRange     '1.8.1',
200 silly addNameRange     '1.8.2',
200 silly addNameRange     '1.8.3',
200 silly addNameRange     '1.9.0',
200 silly addNameRange     '1.9.1',
200 silly addNameRange     '1.9.2',
200 silly addNameRange     '1.9.3',
200 silly addNameRange     '1.9.4',
200 silly addNameRange     '1.10.0',
200 silly addNameRange     '1.10.1',
200 silly addNameRange     '1.10.2',
200 silly addNameRange     '1.10.3',
200 silly addNameRange     '1.10.4',
200 silly addNameRange     '1.10.5',
200 silly addNameRange     '1.10.6',
200 silly addNameRange     '1.10.7',
200 silly addNameRange     '1.10.8',
200 silly addNameRange     '1.10.9',
200 silly addNameRange     '1.10.11',
200 silly addNameRange     '1.10.12',
200 silly addNameRange     '1.10.13',
200 silly addNameRange     '1.10.14',
200 silly addNameRange     '1.10.15',
200 silly addNameRange     '1.10.16',
200 silly addNameRange     '1.10.17',
200 silly addNameRange     '1.11.0',
200 silly addNameRange     '1.11.1',
200 silly addNameRange     '1.12.0',
200 silly addNameRange     '1.12.1',
200 silly addNameRange     '1.12.2',
200 silly addNameRange     '1.12.3',
200 silly addNameRange     '1.13.0',
200 silly addNameRange     '1.13.1',
200 silly addNameRange     '1.13.2',
200 silly addNameRange     '1.13.3',
200 silly addNameRange     '1.13.4',
200 silly addNameRange     '1.13.5',
200 silly addNameRange     '1.13.6',
200 silly addNameRange     '1.13.8',
200 silly addNameRange     '1.13.9',
200 silly addNameRange     '1.13.10',
200 silly addNameRange     '1.14.0',
200 silly addNameRange     '1.14.1',
200 silly addNameRange     '1.14.2',
200 silly addNameRange     '1.14.3',
200 silly addNameRange     '1.14.4',
200 silly addNameRange     '1.14.5',
200 silly addNameRange     '1.15.0',
200 silly addNameRange     '1.15.1',
200 silly addNameRange     '1.15.2',
200 silly addNameRange     '1.15.3',
200 silly addNameRange     '1.15.4',
200 silly addNameRange     '1.15.5',
200 silly addNameRange     '1.15.6',
200 silly addNameRange     '1.16.0',
200 silly addNameRange     '1.16.1',
200 silly addNameRange     '1.16.2',
200 silly addNameRange     '1.16.3',
200 silly addNameRange     '1.16.4',
200 silly addNameRange     '1.16.5',
200 silly addNameRange     '1.16.6',
200 silly addNameRange     '1.16.7',
200 silly addNameRange     '1.16.8',
200 silly addNameRange     '1.17.0',
200 silly addNameRange     '1.17.1',
200 silly addNameRange     '1.17.2',
200 silly addNameRange     '1.17.3',
200 silly addNameRange     '1.18.0',
200 silly addNameRange     '2.0.0',
200 silly addNameRange     '2.0.1',
200 silly addNameRange     '2.1.0',
200 silly addNameRange     '2.2.0',
200 silly addNameRange     '2.2.1',
200 silly addNameRange     '2.2.2',
200 silly addNameRange     '2.2.3',
200 silly addNameRange     '2.2.4',
200 silly addNameRange     '2.2.5',
200 silly addNameRange     '2.2.6',
200 silly addNameRange     '2.3.0',
200 silly addNameRange     '2.3.1',
200 silly addNameRange     '2.4.0',
200 silly addNameRange     '2.4.1',
200 silly addNameRange     '2.4.2',
200 silly addNameRange     '2.4.3',
200 silly addNameRange     '2.5.0',
200 silly addNameRange     '2.5.1',
200 silly addNameRange     '2.6.0',
200 silly addNameRange     '2.6.1',
200 silly addNameRange     '2.7.0',
200 silly addNameRange     '2.7.1',
200 silly addNameRange     '2.7.2',
200 silly addNameRange     '2.7.3',
200 silly addNameRange     '2.7.4',
200 silly addNameRange     '2.8.0',
200 silly addNameRange     '2.8.1',
200 silly addNameRange     '2.9.0',
200 silly addNameRange     '2.10.0',
200 silly addNameRange     '2.10.1',
200 silly addNameRange     '2.10.2',
200 silly addNameRange     '2.11.0',
200 silly addNameRange     '2.12.0',
200 silly addNameRange     '2.12.1',
200 silly addNameRange     '2.12.2',
200 silly addNameRange     '2.12.3',
200 silly addNameRange     '2.12.4',
200 silly addNameRange     '2.12.5',
200 silly addNameRange     '2.13.0',
200 silly addNameRange     '2.13.1',
200 silly addNameRange     '2.13.2',
200 silly addNameRange     '2.13.3',
200 silly addNameRange     '2.14.0',
200 silly addNameRange     '2.14.1',
200 silly addNameRange     '2.14.2',
200 silly addNameRange     '2.15.0',
200 silly addNameRange     '2.16.0',
200 silly addNameRange     '2.17.0',
200 silly addNameRange     '2.17.1',
200 silly addNameRange     '2.17.2',
200 silly addNameRange     '2.17.3',
200 silly addNameRange     '2.17.4',
200 silly addNameRange     '2.18.0',
200 silly addNameRange     '2.18.1',
200 silly addNameRange     '2.19.0',
200 silly addNameRange     '2.20.0',
200 silly addNameRange     '2.20.1',
200 silly addNameRange     '2.20.2',
200 silly addNameRange     '2.21.0',
200 silly addNameRange     '2.22.0',
200 silly addNameRange     '2.23.0',
200 silly addNameRange     '2.23.1',
200 silly addNameRange     '2.24.0',
200 silly addNameRange     '2.24.1',
200 silly addNameRange     '2.24.2',
200 silly addNameRange     '2.24.3',
200 silly addNameRange     '2.25.0',
200 silly addNameRange     '2.25.1',
200 silly addNameRange     '2.26.0',
200 silly addNameRange     '2.27.0',
200 silly addNameRange     '2.27.1',
200 silly addNameRange     '2.28.0',
200 silly addNameRange     '2.29.0',
200 silly addNameRange     '2.29.1',
200 silly addNameRange     '2.30.0',
200 silly addNameRange     '2.31.0',
200 silly addNameRange     '2.32.0',
200 silly addNameRange     '2.32.1',
200 silly addNameRange     '2.32.2',
200 silly addNameRange     '2.32.3',
200 silly addNameRange     '2.32.4',
200 silly addNameRange     '2.33.0',
200 silly addNameRange     '2.33.1',
200 silly addNameRange     '2.34.0',
200 silly addNameRange     '2.34.1',
200 silly addNameRange     '2.34.2',
200 silly addNameRange     '2.34.3',
200 silly addNameRange     '2.35.0',
200 silly addNameRange     '2.35.1',
200 silly addNameRange     '2.35.2',
200 silly addNameRange     '2.35.3',
200 silly addNameRange     '2.35.4',
200 silly addNameRange     '2.36.0',
200 silly addNameRange     '2.36.1',
200 silly addNameRange     '3.0.0',
200 silly addNameRange     '3.1.0',
200 silly addNameRange     '3.1.1',
200 silly addNameRange     '3.1.2',
200 silly addNameRange     '3.1.3',
200 silly addNameRange     '3.2.0',
200 silly addNameRange     '3.2.1',
200 silly addNameRange     '3.2.2',
200 silly addNameRange     '3.3.0',
200 silly addNameRange     '3.4.0',
200 silly addNameRange     '3.4.1',
200 silly addNameRange     '3.5.0',
200 silly addNameRange     '3.6.0',
200 silly addNameRange     '3.7.0',
200 silly addNameRange     '3.8.0',
200 silly addNameRange     '3.8.1',
200 silly addNameRange     '3.9.0',
200 silly addNameRange     '3.9.1',
200 silly addNameRange     '3.10.0',
200 silly addNameRange     '3.11.0',
200 silly addNameRange     '3.11.1',
200 silly addNameRange     '3.12.0',
200 silly addNameRange     '3.13.0',
200 silly addNameRange     '3.14.0',
200 silly addNameRange     '3.14.1',
200 silly addNameRange     '3.16.0',
200 silly addNameRange     '3.16.1',
200 silly addNameRange     '3.17.0',
200 silly addNameRange     '3.18.0',
200 silly addNameRange     '3.19.0',
200 silly addNameRange     '3.19.1',
200 silly addNameRange     '3.20.0',
200 silly addNameRange     '3.20.1',
200 silly addNameRange     '3.20.2',
200 silly addNameRange     '3.21.0',
200 silly addNameRange     '3.21.1',
200 silly addNameRange     '3.22.0',
200 silly addNameRange     '3.22.1',
200 silly addNameRange     '3.23.0',
200 silly addNameRange     '3.23.1',
200 silly addNameRange     '3.24.0',
200 silly addNameRange     '3.24.1',
200 silly addNameRange     '3.24.2',
200 silly addNameRange     '3.24.3',
200 silly addNameRange     '3.24.4',
200 silly addNameRange     '3.24.5',
200 silly addNameRange     '3.24.6',
200 silly addNameRange     '3.24.7',
200 silly addNameRange     '3.24.8',
200 silly addNameRange     '3.24.9',
200 silly addNameRange     '3.24.10',
200 silly addNameRange     '3.24.11',
200 silly addNameRange     '3.24.13',
200 silly addNameRange     '3.25.0',
200 silly addNameRange     '3.25.1',
200 silly addNameRange     '3.25.2',
200 silly addNameRange     '3.26.0',
200 silly addNameRange     '3.27.0',
200 silly addNameRange     '3.27.1',
200 silly addNameRange     '3.28.0',
200 silly addNameRange     '3.28.1',
200 silly addNameRange     '3.28.2',
200 silly addNameRange     '3.29.0',
200 silly addNameRange     '3.29.1',
200 silly addNameRange     '3.30.0',
200 silly addNameRange     '3.30.1',
200 silly addNameRange     '3.30.2',
200 silly addNameRange     '3.30.3',
200 silly addNameRange     '3.30.4',
200 silly addNameRange     '3.31.0',
200 silly addNameRange     '3.31.1',
200 silly addNameRange     '3.31.2',
200 silly addNameRange     '3.32.0',
200 silly addNameRange     '3.32.1',
200 silly addNameRange     '3.33.0',
200 silly addNameRange     '3.33.1',
200 silly addNameRange     '3.34.0',
200 silly addNameRange     '3.35.0',
200 silly addNameRange     '3.36.0',
200 silly addNameRange     '3.36.1',
200 silly addNameRange     '3.37.0',
200 silly addNameRange     '3.37.1',
200 silly addNameRange     '3.37.2',
200 silly addNameRange     '3.38.0',
200 silly addNameRange     '3.38.1',
200 silly addNameRange     '3.39.0',
200 silly addNameRange     '3.40.0',
200 silly addNameRange     '3.40.1',
200 silly addNameRange     '3.40.2',
200 silly addNameRange     '3.40.3',
200 silly addNameRange     '3.40.4',
200 silly addNameRange     '3.41.0',
200 silly addNameRange     '3.42.0',
200 silly addNameRange     '3.43.0',
200 silly addNameRange     '3.44.0',
200 silly addNameRange     '3.44.1',
200 silly addNameRange     '3.44.2',
200 silly addNameRange     '3.45.0',
200 silly addNameRange     '3.46.0',
200 silly addNameRange     '3.46.1',
200 silly addNameRange     '4.0.0',
200 silly addNameRange     '4.1.0',
200 silly addNameRange     '4.1.1',
200 silly addNameRange     '4.1.2',
200 silly addNameRange     '4.1.3',
200 silly addNameRange     '4.1.4',
200 silly addNameRange     '4.1.5',
200 silly addNameRange     '4.1.6',
200 silly addNameRange     '4.1.7',
200 silly addNameRange     '4.1.8',
200 silly addNameRange     '4.1.9',
200 silly addNameRange     '4.1.10',
200 silly addNameRange     '4.1.11',
200 silly addNameRange     '4.2.0',
200 silly addNameRange     '4.2.1',
200 silly addNameRange     '4.2.2',
200 silly addNameRange     '4.2.3',
200 silly addNameRange     '5.0.0',
200 silly addNameRange     '5.0.1',
200 silly addNameRange     '5.0.2',
200 silly addNameRange     '5.0.3',
200 silly addNameRange     '5.0.4',
200 silly addNameRange     '5.0.5',
200 silly addNameRange     '5.0.6',
200 silly addNameRange     '5.0.7',
200 silly addNameRange     '5.0.8',
200 silly addNameRange     '5.1.0',
200 silly addNameRange     '5.1.1',
200 silly addNameRange     '5.2.0',
200 silly addNameRange     '5.2.1',
200 silly addNameRange     '5.3.0',
200 silly addNameRange     '5.4.0',
200 silly addNameRange     '5.4.1',
200 silly addNameRange     '5.4.2',
200 silly addNameRange     '5.5.0',
200 silly addNameRange     '5.6.0',
200 silly addNameRange     '5.6.1',
200 silly addNameRange     '5.7.0',
200 silly addNameRange     '5.8.0',
200 silly addNameRange     '5.9.0',
200 silly addNameRange     '5.9.1',
200 silly addNameRange     '5.9.2',
200 silly addNameRange     '5.9.3',
200 silly addNameRange     '5.10.0',
200 silly addNameRange     '5.10.1',
200 silly addNameRange     '5.11.0',
200 silly addNameRange     '5.11.1',
200 silly addNameRange     '5.11.2',
200 silly addNameRange     '5.12.0',
200 silly addNameRange     '5.12.1',
200 silly addNameRange     '5.12.2',
200 silly addNameRange     '5.13.0',
200 silly addNameRange     '5.13.1',
200 silly addNameRange     '6.0.0',
200 silly addNameRange     '6.0.1',
200 silly addNameRange     '6.0.2',
200 silly addNameRange     '6.0.3',
200 silly addNameRange     '6.1.0',
200 silly addNameRange     '6.1.1',
200 silly addNameRange     '6.1.2',
200 silly addNameRange     '6.2.0',
200 silly addNameRange     '6.3.0',
200 silly addNameRange     '6.3.1',
200 silly addNameRange     '6.3.2',
200 silly addNameRange     '6.3.3',
200 silly addNameRange     '6.3.4',
200 silly addNameRange     '7.0.0',
200 silly addNameRange     '7.0.1',
200 silly addNameRange     '7.0.2',
200 silly addNameRange     '7.0.3',
200 silly addNameRange     '7.1.0',
200 silly addNameRange     '8.0.0',
200 silly addNameRange     '8.0.1',
200 silly addNameRange     '8.0.2',
200 silly addNameRange     '8.0.3',
200 silly addNameRange     '8.1.0',
200 silly addNameRange     '8.1.1',
200 silly addNameRange     '8.1.2',
200 silly addNameRange     '8.1.3',
200 silly addNameRange     '9.0.0',
200 silly addNameRange     '9.0.1',
200 silly addNameRange     '9.0.2',
200 silly addNameRange     '9.0.3',
200 silly addNameRange     '9.0.4',
200 silly addNameRange     '9.0.5',
200 silly addNameRange     '9.0.6',
200 silly addNameRange     '9.0.7',
200 silly addNameRange     '9.0.8',
200 silly addNameRange     '10.0.0',
200 silly addNameRange     '10.1.0',
200 silly addNameRange     '10.1.1',
200 silly addNameRange     '10.1.2',
200 silly addNameRange     '10.1.3',
200 silly addNameRange     '10.2.0',
200 silly addNameRange     '10.2.1',
200 silly addNameRange     '10.2.3' ] ]
201 verbose addNamed [ 'browserify', '10.2.3' ]
202 verbose addNamed [ '10.2.3', '10.2.3' ]
203 silly lockFile ac38a4a2-browserify-10-2-3 browserify@10.2.3
204 verbose lock browserify@10.2.3 /Users/noah/.npm/ac38a4a2-browserify-10-2-3.lock
205 silly lockFile ac38a4a2-browserify-10-2-3 browserify@10.2.3
206 silly lockFile ac38a4a2-browserify-10-2-3 browserify@10.2.3
207 silly lockFile 80140245-browserify browserify@
208 silly lockFile 80140245-browserify browserify@
209 error 404 404 Not Found: vinyl-resource-stream
209 error 404
209 error 404 'vinyl-resource-stream' is not in the npm registry.
209 error 404 You should bug the author to publish it
209 error 404 It was specified as a dependency of 'mankind-instrumentality'
209 error 404
209 error 404 Note that you can also install from a
209 error 404 tarball, folder, or http url, or git url.
210 error System Darwin 14.3.0
211 error command "node" "/usr/local/bin/npm" "install" "--save" "gulp" "gulp-util" "vinyl-resource-stream" "browserify" "watchify" "reactify"
212 error cwd /Users/noah/Documents/dev/mi2
213 error node -v v0.10.35
214 error npm -v 1.4.28
215 error code E404
216 verbose exit [ 1, true ]
